<?xml version="1.0" encoding="UTF-8"?>
<!-- Generated by org.testng.reporters.JUnitReportReporter -->
<testsuite skipped="0" hostname="Tyss-SR-023" name="scripts.Invalidlogin" tests="1" failures="0" timestamp="06 May 2019 05:07:37 GMT" time="19.617" errors="0">
  <testcase name="invalid" time="19.617" classname="scripts.Invalidlogin"/>
</testsuite> <!-- scripts.Invalidlogin -->
