<?xml version="1.0" encoding="UTF-8"?>
<!-- Generated by org.testng.reporters.JUnitReportReporter -->
<testsuite skipped="0" hostname="Tyss-SR-023" name="scripts.Validlogin" tests="1" failures="0" timestamp="06 May 2019 05:07:37 GMT" time="38.271" errors="0">
  <testcase name="valid" time="38.271" classname="scripts.Validlogin"/>
</testsuite> <!-- scripts.Validlogin -->
